<?xml version="1.0" encoding="UTF-8"?>
<testsuite xmlns:xsi="http://www.w3.org/2001/XMLSchema-instance" xsi:noNamespaceSchemaLocation="https://maven.apache.org/surefire/maven-surefire-plugin/xsd/surefire-test-report.xsd" name="com.travel.service.TravelServiceApplicationTests" time="7.384" tests="2" errors="0" skipped="0" failures="0">
  <properties>
[...]
</properties>
  <testcase name="serviceNotAvailableTest" classname="com.travel.service.TravelServiceApplicationTests" time="0.339"/>
  <testcase name="travelNotFoundTest" classname="com.travel.service.TravelServiceApplicationTests" time="0.024"/>
</testsuite>